2026-02-04 19:50:20,215 | INFO | Orchestrator | Starting execution for goal: Plan a startup in AI for healthcare
2026-02-04 19:50:21,809 | INFO | Planner | Generated plan for input: === IMPORTANT INFORMATION ===
  • Completed task: ... | Plan output: {
  "steps": [
    {"agent":"Researcher","task":"Identify unmet AI opportunities in healthcare, analyze market size and competitors."},
    {"agent":"Analyst","task":"Define target customer segments, ...
2026-02-04 19:50:21,826 | INFO | Memory | Saved to memory | Type: episodic | Content: User asked: Plan a startup in AI for healthcare...
2026-02-04 19:50:21,826 | INFO | Orchestrator | Plan created with 10 steps for goal: Plan a startup in AI for healthcare
2026-02-04 19:50:21,827 | INFO | Orchestrator | Executing step 1: Researcher -> Identify unmet AI opportunities in healthcare, analyze market size and competitors.
2026-02-04 19:50:24,302 | INFO | Researcher | Completed task: Identify unmet AI opportunities in healthcare, analyze market size and competitors. | Output: ## 1. Unmet AI Opportunities in Healthcare  
*(These are areas where AI promise is high but adoption...
2026-02-04 19:50:24,337 | INFO | Memory | Saved to memory | Type: episodic | Content: Researcher output: ## 1. Unmet AI Opportunities in Healthcare  
*(These are areas where AI promise i...
2026-02-04 19:50:24,338 | INFO | Orchestrator | Executing step 2: Analyst -> Define target customer segments, craft value proposition, and create business model canvas.
2026-02-04 19:50:27,769 | INFO | Orchestrator | Executing step 3: Researcher -> Investigate regulatory requirements (HIPAA, FDA, CE) for AI healthcare products.
2026-02-04 19:50:45,548 | INFO | Orchestrator | Executing step 4: Analyst -> Determine regulatory pathway and compliance strategy.
2026-02-04 19:51:14,556 | INFO | Analyst | Analyzed content: === IMPORTANT INFORMATION ===
  • Completed task: ... | Output: ## 1.  Regulatory Landscape – Quick Reference

| R...
2026-02-04 19:51:14,556 | INFO | Analyst | Completed task: Determine regulatory pathway and compliance strategy. | Output: ## 1.  Regulatory Landscape – Quick Reference

| Region | Authority | Product Definition | Typical P...
2026-02-04 19:51:14,600 | INFO | Memory | Saved to memory | Type: episodic | Content: Analyst output: ## 1.  Regulatory Landscape – Quick Reference

| Region | Authority | Product Defini...
2026-02-04 19:51:14,600 | INFO | Orchestrator | Executing step 5: Coder -> Design technical architecture: data ingestion, model training, inference, EHR integration.
2026-02-04 19:51:21,518 | INFO | Orchestrator | Executing step 6: Coder -> Build prototype pipeline for data ingestion and model inference.
2026-02-04 19:51:51,233 | INFO | Orchestrator | Executing step 7: Critic -> Assess technical feasibility, data privacy, and ethical risks.
2026-02-04 19:51:58,902 | INFO | Critic | Critiqued content: === IMPORTANT INFORMATION ===
  • Completed task: ... | Feedback: **Critique of the Delivered Outputs**

Below is a ...
2026-02-04 19:51:58,902 | INFO | Critic | Completed task: Assess technical feasibility, data privacy, and ethical risks. | Output: **Critique of the Delivered Outputs**

Below is a structured assessment of the key artifacts you sha...
2026-02-04 19:51:58,902 | INFO | Orchestrator | Executing step 8: Optimizer -> Optimize business and technical plan to reduce costs and time.
2026-02-04 19:52:05,052 | INFO | Orchestrator | Executing step 9: Validator -> Validate business model with stakeholders (clinicians, insurers, patients).
2026-02-04 19:52:11,094 | INFO | Validator | Completed task: Validate business model with stakeholders (clinicians, insurers, patients). | Output: **Validation Outcome: FAIL**

The material supplied does not satisfy the stated goal of **validating...
2026-02-04 19:52:11,094 | INFO | Orchestrator | Executing step 10: Reporter -> Compile final startup plan with milestones, timeline, and funding strategy.
